app/build/outputs/logs/manifest-merger-debug-report.txt
-- Merging decision tree log ---
manifest
ADDED from src/main/AndroidManifest.xml:2:1-55:12
	package
		ADDED from src/main/AndroidManifest.xml:3:5-35
		INJECTED from src/main/AndroidManifest.xml
		INJECTED from src/main/AndroidManifest.xml
	android:versionName
		ADDED from src/main/AndroidManifest.xml:5:5-30
		INJECTED from src/main/AndroidManifest.xml
		INJECTED from src/main/AndroidManifest.xml
	android:versionCode
		ADDED from src/main/AndroidManifest.xml:4:5-28
		INJECTED from src/main/AndroidManifest.xml
		INJECTED from src/main/AndroidManifest.xml
	xmlns:android
		ADDED from src/main/AndroidManifest.xml:2:11-69
uses-sdk
ADDED from src/main/AndroidManifest.xml:7:5-42
	android:targetSdkVersion
		INJECTED from src/main/AndroidManifest.xml
		INJECTED from src/main/AndroidManifest.xml
	android:minSdkVersion
		ADDED from src/main/AndroidManifest.xml:7:15-40
		INJECTED from src/main/AndroidManifest.xml
		INJECTED from src/main/AndroidManifest.xml
uses-permission#android.permission.INTERNET
ADDED from src/main/AndroidManifest.xml:8:4-66
	android:name
		ADDED from src/main/AndroidManifest.xml:8:21-63
uses-permission#android.permission.ACCESS_NETWORK_STATE
ADDED from src/main/AndroidManifest.xml:9:5-79
	android:name
		ADDED from src/main/AndroidManifest.xml:9:22-76
uses-permission#android.permission.WRITE_EXTERNAL_STORAGE
ADDED from src/main/AndroidManifest.xml:10:5-81
	android:name
		ADDED from src/main/AndroidManifest.xml:10:22-78
uses-permission#android.permission.READ_PHONE_STATE
ADDED from src/main/AndroidManifest.xml:11:4-74
	android:name
		ADDED from src/main/AndroidManifest.xml:11:21-71
uses-permission#android.permission.CAMERA
ADDED from src/main/AndroidManifest.xml:12:5-65
	android:name
		ADDED from src/main/AndroidManifest.xml:12:22-62
uses-permission#android.permission.WRITE_SETTINGS
ADDED from src/main/AndroidManifest.xml:13:2-70
	android:name
		ADDED from src/main/AndroidManifest.xml:13:19-67
uses-permission#android.permission.ACCESS_WIFI_STATE
ADDED from src/main/AndroidManifest.xml:14:2-73
	android:name
		ADDED from src/main/AndroidManifest.xml:14:19-70
uses-permission#android.permission.READ_EXTERNAL_STORAGE
ADDED from src/main/AndroidManifest.xml:15:2-77
	android:name
		ADDED from src/main/AndroidManifest.xml:15:19-74
uses-feature#android.hardware.camera
ADDED from src/main/AndroidManifest.xml:16:5-60
	android:name
		ADDED from src/main/AndroidManifest.xml:16:19-57
uses-feature#android.hardware.camera.autofocus
ADDED from src/main/AndroidManifest.xml:17:5-70
	android:name
		ADDED from src/main/AndroidManifest.xml:17:19-67
application
ADDED from src/main/AndroidManifest.xml:19:5-53:19
	android:label
		ADDED from src/main/AndroidManifest.xml:23:9-41
	android:allowBackup
		ADDED from src/main/AndroidManifest.xml:20:9-35
	android:icon
		ADDED from src/main/AndroidManifest.xml:22:9-45
	android:theme
		ADDED from src/main/AndroidManifest.xml:24:9-40
	android:name
		ADDED from src/main/AndroidManifest.xml:21:9-33
activity#com.iflytek.facedemo.MainActivity
ADDED from src/main/AndroidManifest.xml:25:9-34:20
	android:screenOrientation
		ADDED from src/main/AndroidManifest.xml:28:13-49
	android:label
		ADDED from src/main/AndroidManifest.xml:27:13-45
	android:launchMode
		ADDED from src/main/AndroidManifest.xml:29:13-43
	android:name
		ADDED from src/main/AndroidManifest.xml:26:13-61
intent-filter#android.intent.action.MAIN+android.intent.category.LAUNCHER
ADDED from src/main/AndroidManifest.xml:30:13-33:29
action#android.intent.action.MAIN
ADDED from src/main/AndroidManifest.xml:31:17-69
	android:name
		ADDED from src/main/AndroidManifest.xml:31:25-66
category#android.intent.category.LAUNCHER
ADDED from src/main/AndroidManifest.xml:32:17-77
	android:name
		ADDED from src/main/AndroidManifest.xml:32:27-74
activity#com.iflytek.facedemo.OnlineFaceDemo
ADDED from src/main/AndroidManifest.xml:35:9-40:20
	android:screenOrientation
		ADDED from src/main/AndroidManifest.xml:38:13-49
	android:label
		ADDED from src/main/AndroidManifest.xml:37:13-45
	android:launchMode
		ADDED from src/main/AndroidManifest.xml:39:13-43
	android:name
		ADDED from src/main/AndroidManifest.xml:36:13-63
activity#com.iflytek.facedemo.OfflineFaceDemo
ADDED from src/main/AndroidManifest.xml:41:9-46:20
	android:screenOrientation
		ADDED from src/main/AndroidManifest.xml:44:13-49
	android:label
		ADDED from src/main/AndroidManifest.xml:43:13-45
	android:launchMode
		ADDED from src/main/AndroidManifest.xml:45:13-43
	android:name
		ADDED from src/main/AndroidManifest.xml:42:13-64
activity#com.iflytek.facedemo.VideoDemo
ADDED from src/main/AndroidManifest.xml:47:9-52:20
	android:screenOrientation
		ADDED from src/main/AndroidManifest.xml:50:13-49
	android:label
		ADDED from src/main/AndroidManifest.xml:49:13-45
	android:launchMode
		ADDED from src/main/AndroidManifest.xml:51:13-43
	android:name
		ADDED from src/main/AndroidManifest.xml:48:13-58